Determining if the pthread_create exist failed with the following output:
Change Dir: /home/hungtselee/robot_ws/build/CMakeFiles/CMakeTmp

Run Build Command:"/usr/bin/make" "cmTC_15a68/fast"
/usr/bin/make -f CMakeFiles/cmTC_15a68.dir/build.make CMakeFiles/cmTC_15a68.dir/build
make[1]: Entering directory '/home/hungtselee/robot_ws/build/CMakeFiles/CMakeTmp'
Building C object CMakeFiles/cmTC_15a68.dir/CheckSymbolExists.c.o
/usr/bin/cc     -o CMakeFiles/cmTC_15a68.dir/CheckSymbolExists.c.o   -c /home/hungtselee/robot_ws/build/CMakeFiles/CMakeTmp/CheckSymbolExists.c
Linking C executable cmTC_15a68
/usr/bin/cmake -E cmake_link_script CMakeFiles/cmTC_15a68.dir/link.txt --verbose=1
/usr/bin/cc       CMakeFiles/cmTC_15a68.dir/CheckSymbolExists.c.o  -o cmTC_15a68 -rdynamic 
CMakeFiles/cmTC_15a68.dir/CheckSymbolExists.c.o: 於函式 main:
CheckSymbolExists.c:(.text+0x16): 未定義參考到「pthread_create」
collect2: error: ld returned 1 exit status
CMakeFiles/cmTC_15a68.dir/build.make:97: recipe for target 'cmTC_15a68' failed
make[1]: *** [cmTC_15a68] Error 1
make[1]: Leaving directory '/home/hungtselee/robot_ws/build/CMakeFiles/CMakeTmp'
Makefile:126: recipe for target 'cmTC_15a68/fast' failed
make: *** [cmTC_15a68/fast] Error 2

File /home/hungtselee/robot_ws/build/CMakeFiles/CMakeTmp/CheckSymbolExists.c:
/* */
#include <pthread.h>

int main(int argc, char** argv)
{
  (void)argv;
#ifndef pthread_create
  return ((int*)(&pthread_create))[argc];
#else
  (void)argc;
  return 0;
#endif
}

Determining if the function pthread_create exists in the pthreads failed with the following output:
Change Dir: /home/hungtselee/robot_ws/build/CMakeFiles/CMakeTmp

Run Build Command:"/usr/bin/make" "cmTC_42f58/fast"
/usr/bin/make -f CMakeFiles/cmTC_42f58.dir/build.make CMakeFiles/cmTC_42f58.dir/build
make[1]: Entering directory '/home/hungtselee/robot_ws/build/CMakeFiles/CMakeTmp'
Building C object CMakeFiles/cmTC_42f58.dir/CheckFunctionExists.c.o
/usr/bin/cc    -DCHECK_FUNCTION_EXISTS=pthread_create   -o CMakeFiles/cmTC_42f58.dir/CheckFunctionExists.c.o   -c /usr/share/cmake-3.5/Modules/CheckFunctionExists.c
Linking C executable cmTC_42f58
/usr/bin/cmake -E cmake_link_script CMakeFiles/cmTC_42f58.dir/link.txt --verbose=1
/usr/bin/cc   -DCHECK_FUNCTION_EXISTS=pthread_create    CMakeFiles/cmTC_42f58.dir/CheckFunctionExists.c.o  -o cmTC_42f58 -rdynamic -lpthreads 
/usr/bin/ld: 找不到 -lpthreads
collect2: error: ld returned 1 exit status
CMakeFiles/cmTC_42f58.dir/build.make:97: recipe for target 'cmTC_42f58' failed
make[1]: *** [cmTC_42f58] Error 1
make[1]: Leaving directory '/home/hungtselee/robot_ws/build/CMakeFiles/CMakeTmp'
Makefile:126: recipe for target 'cmTC_42f58/fast' failed
make: *** [cmTC_42f58/fast] Error 2


